<?xml version="1.0" encoding="UTF-8"?>
<coverage generated="1542809697273" clover="3.2.0">
  <project timestamp="1542809697273" name="All files">
    <metrics statements="123" coveredstatements="83" conditionals="72" coveredconditionals="13" methods="48" coveredmethods="15" elements="243" coveredelements="111" complexity="0" loc="123" ncloc="123" packages="4" files="9" classes="9">
      <package name="actions">
        <metrics statements="59" coveredstatements="34" conditionals="37" coveredconditionals="4" methods="16" coveredmethods="1"/>
        <file name="feedbackActions.js" path="/Users/mac-185-71/Projects/sbmt_timetable/src/actions/feedbackActions.js">
          <metrics statements="4" coveredstatements="3" conditionals="2" coveredconditionals="0" methods="2" coveredmethods="0"/>
          <line num="1" count="1" type="stmt"/>
          <line num="3" count="1" type="stmt"/>
          <line num="4" count="0" type="cond" truecount="0" falsecount="2"/>
          <line num="7" count="1" type="stmt"/>
        </file>
        <file name="index.js" path="/Users/mac-185-71/Projects/sbmt_timetable/src/actions/index.js">
          <metrics statements="4" coveredstatements="4" conditionals="6" coveredconditionals="4" methods="5" coveredmethods="1"/>
          <line num="1" count="1" type="stmt"/>
          <line num="2" count="3" type="cond" truecount="4" falsecount="2"/>
          <line num="3" count="1" type="stmt"/>
          <line num="4" count="1" type="stmt"/>
        </file>
        <file name="loadingActions.js" path="/Users/mac-185-71/Projects/sbmt_timetable/src/actions/loadingActions.js">
          <metrics statements="3" coveredstatements="3" conditionals="0" coveredconditionals="0" methods="1" coveredmethods="0"/>
          <line num="1" count="1" type="stmt"/>
          <line num="3" count="1" type="stmt"/>
          <line num="8" count="1" type="stmt"/>
        </file>
        <file name="searchActions.js" path="/Users/mac-185-71/Projects/sbmt_timetable/src/actions/searchActions.js">
          <metrics statements="13" coveredstatements="6" conditionals="9" coveredconditionals="0" methods="3" coveredmethods="0"/>
          <line num="1" count="1" type="stmt"/>
          <line num="2" count="1" type="stmt"/>
          <line num="3" count="1" type="stmt"/>
          <line num="4" count="1" type="stmt"/>
          <line num="6" count="1" type="cond" truecount="0" falsecount="7"/>
          <line num="8" count="0" type="stmt"/>
          <line num="9" count="0" type="stmt"/>
          <line num="10" count="0" type="stmt"/>
          <line num="11" count="0" type="stmt"/>
          <line num="13" count="0" type="stmt"/>
          <line num="16" count="0" type="cond" truecount="0" falsecount="2"/>
          <line num="18" count="0" type="stmt"/>
          <line num="21" count="1" type="stmt"/>
        </file>
        <file name="timetableActions.js" path="/Users/mac-185-71/Projects/sbmt_timetable/src/actions/timetableActions.js">
          <metrics statements="28" coveredstatements="11" conditionals="20" coveredconditionals="0" methods="5" coveredmethods="0"/>
          <line num="1" count="1" type="stmt"/>
          <line num="2" count="1" type="stmt"/>
          <line num="3" count="1" type="stmt"/>
          <line num="4" count="1" type="stmt"/>
          <line num="5" count="1" type="stmt"/>
          <line num="7" count="1" type="stmt"/>
          <line num="8" count="1" type="stmt"/>
          <line num="11" count="1" type="cond" truecount="0" falsecount="9"/>
          <line num="12" count="0" type="stmt"/>
          <line num="13" count="0" type="cond" truecount="0" falsecount="3"/>
          <line num="16" count="0" type="stmt"/>
          <line num="17" count="0" type="cond" truecount="0" falsecount="2"/>
          <line num="19" count="0" type="stmt"/>
          <line num="20" count="0" type="stmt"/>
          <line num="21" count="0" type="stmt"/>
          <line num="22" count="0" type="stmt"/>
          <line num="24" count="0" type="stmt"/>
          <line num="25" count="0" type="stmt"/>
          <line num="26" count="0" type="stmt"/>
          <line num="28" count="0" type="cond" truecount="0" falsecount="2"/>
          <line num="29" count="0" type="stmt"/>
          <line num="40" count="0" type="stmt"/>
          <line num="41" count="0" type="stmt"/>
          <line num="43" count="0" type="cond" truecount="0" falsecount="2"/>
          <line num="45" count="1" type="stmt"/>
          <line num="48" count="1" type="stmt"/>
          <line num="49" count="0" type="stmt"/>
          <line num="56" count="1" type="stmt"/>
        </file>
        <file name="types.js" path="/Users/mac-185-71/Projects/sbmt_timetable/src/actions/types.js">
          <metrics statements="7" coveredstatements="7" conditionals="0" coveredconditionals="0" methods="0" coveredmethods="0"/>
          <line num="1" count="1" type="stmt"/>
          <line num="2" count="1" type="stmt"/>
          <line num="3" count="1" type="stmt"/>
          <line num="4" count="1" type="stmt"/>
          <line num="5" count="1" type="stmt"/>
          <line num="6" count="1" type="stmt"/>
          <line num="7" count="1" type="stmt"/>
        </file>
      </package>
      <package name="api">
        <metrics statements="15" coveredstatements="11" conditionals="16" coveredconditionals="0" methods="9" coveredmethods="0"/>
        <file name="index.js" path="/Users/mac-185-71/Projects/sbmt_timetable/src/api/index.js">
          <metrics statements="15" coveredstatements="11" conditionals="16" coveredconditionals="0" methods="9" coveredmethods="0"/>
          <line num="1" count="1" type="stmt"/>
          <line num="2" count="1" type="stmt"/>
          <line num="4" count="1" type="cond" truecount="0" falsecount="4"/>
          <line num="5" count="0" type="stmt"/>
          <line num="6" count="1" type="stmt"/>
          <line num="9" count="1" type="cond" truecount="0" falsecount="4"/>
          <line num="10" count="0" type="stmt"/>
          <line num="11" count="1" type="stmt"/>
          <line num="14" count="1" type="cond" truecount="0" falsecount="4"/>
          <line num="15" count="0" type="stmt"/>
          <line num="16" count="1" type="stmt"/>
          <line num="19" count="1" type="cond" truecount="0" falsecount="4"/>
          <line num="20" count="0" type="stmt"/>
          <line num="21" count="1" type="stmt"/>
          <line num="24" count="1" type="stmt"/>
        </file>
      </package>
      <package name="components.common.DropDown">
        <metrics statements="7" coveredstatements="3" conditionals="0" coveredconditionals="0" methods="5" coveredmethods="1"/>
        <file name="DropDownHolder.js" path="/Users/mac-185-71/Projects/sbmt_timetable/src/components/common/DropDown/DropDownHolder.js">
          <metrics statements="7" coveredstatements="3" conditionals="0" coveredconditionals="0" methods="5" coveredmethods="1"/>
          <line num="1" count="1" type="stmt"/>
          <line num="5" count="0" type="stmt"/>
          <line num="9" count="0" type="stmt"/>
          <line num="13" count="0" type="stmt"/>
          <line num="14" count="0" type="stmt"/>
          <line num="15" count="1" type="stmt"/>
          <line num="18" count="1" type="stmt"/>
        </file>
      </package>
      <package name="utils">
        <metrics statements="42" coveredstatements="35" conditionals="19" coveredconditionals="9" methods="18" coveredmethods="13"/>
        <file name="index.js" path="/Users/mac-185-71/Projects/sbmt_timetable/src/utils/index.js">
          <metrics statements="42" coveredstatements="35" conditionals="19" coveredconditionals="9" methods="18" coveredmethods="13"/>
          <line num="1" count="1" type="stmt"/>
          <line num="2" count="1" type="stmt"/>
          <line num="3" count="1" type="stmt"/>
          <line num="4" count="1" type="stmt"/>
          <line num="6" count="1" type="stmt"/>
          <line num="7" count="3" type="cond" truecount="2" falsecount="0"/>
          <line num="8" count="2" type="cond" truecount="2" falsecount="0"/>
          <line num="9" count="1" type="stmt"/>
          <line num="10" count="1" type="stmt"/>
          <line num="12" count="1" type="stmt"/>
          <line num="17" count="1" type="stmt"/>
          <line num="21" count="2" type="stmt"/>
          <line num="22" count="6" type="stmt"/>
          <line num="24" count="1" type="stmt"/>
          <line num="25" count="1" type="stmt"/>
          <line num="27" count="1" type="stmt"/>
          <line num="28" count="6" type="stmt"/>
          <line num="29" count="6" type="stmt"/>
          <line num="31" count="2" type="stmt"/>
          <line num="33" count="1" type="stmt"/>
          <line num="36" count="1" type="stmt"/>
          <line num="37" count="2" type="stmt"/>
          <line num="38" count="2" type="cond" truecount="2" falsecount="0"/>
          <line num="39" count="1" type="stmt"/>
          <line num="41" count="1" type="stmt"/>
          <line num="43" count="24" type="stmt"/>
          <line num="44" count="24" type="stmt"/>
          <line num="45" count="1" type="stmt"/>
          <line num="47" count="3" type="stmt"/>
          <line num="48" count="1" type="stmt"/>
          <line num="51" count="1" type="cond" truecount="0" falsecount="4"/>
          <line num="52" count="0" type="stmt"/>
          <line num="53" count="1" type="stmt"/>
          <line num="56" count="2" type="stmt"/>
          <line num="58" count="1" type="stmt"/>
          <line num="59" count="0" type="cond" truecount="0" falsecount="2"/>
          <line num="60" count="0" type="cond" truecount="0" falsecount="2"/>
          <line num="61" count="0" type="stmt"/>
          <line num="63" count="0" type="stmt"/>
          <line num="64" count="0" type="cond" truecount="0" falsecount="2"/>
          <line num="66" count="0" type="stmt"/>
          <line num="67" count="1" type="stmt"/>
        </file>
      </package>
    </metrics>
  </project>
</coverage>
