{"/Users/mac-185-71/Projects/sbmt_timetable/src/actions/feedbackActions.js": {"path":"/Users/mac-185-71/Projects/sbmt_timetable/src/actions/feedbackActions.js","statementMap":{"0":{"start":{"line":1,"column":43},"end":{"line":1,"column":99}},"1":{"start":{"line":1,"column":100},"end":{"line":1,"column":162}},"2":{"start":{"line":1,"column":162},"end":{"line":1,"column":187}},"3":{"start":{"line":1,"column":199},"end":{"line":1,"column":241}},"4":{"start":{"line":3,"column":24},"end":{"line":5,"column":5}},"5":{"start":{"line":3,"column":55},"end":{"line":5,"column":4}},"6":{"start":{"line":4,"column":4},"end":{"line":4,"column":47}},"7":{"start":{"line":7,"column":0},"end":{"line":7,"column":17}},"8":{"start":{"line":7,"column":18},"end":{"line":7,"column":45}}},"fnMap":{"0":{"name":"showFeedbackError","decl":{"start":{"line":3,"column":33},"end":{"line":3,"column":50}},"loc":{"start":{"line":3,"column":54},"end":{"line":5,"column":5}},"line":3},"1":{"name":"(anonymous_1)","decl":{"start":{"line":3,"column":62},"end":{"line":3,"column":63}},"loc":{"start":{"line":3,"column":82},"end":{"line":5,"column":3}},"line":3}},"branchMap":{"0":{"loc":{"start":{"line":4,"column":30},"end":{"line":4,"column":44}},"type":"binary-expr","locations":[{"start":{"line":4,"column":30},"end":{"line":4,"column":39}},{"start":{"line":4,"column":43},"end":{"line":4,"column":44}}],"line":4}},"s":{"0":1,"1":1,"2":1,"3":1,"4":1,"5":0,"6":0,"7":1,"8":1},"f":{"0":0,"1":0},"b":{"0":[0,0]},"_coverageSchema":"332fd63041d2c1bcb487cc26dd0d5f7d97098a6c","hash":"3fbd976862a8a1b09785f266ec6b5a884ac705d6"}
,"/Users/mac-185-71/Projects/sbmt_timetable/src/actions/index.js": {"path":"/Users/mac-185-71/Projects/sbmt_timetable/src/actions/index.js","statementMap":{"0":{"start":{"line":1,"column":42},"end":{"line":1,"column":97}},"1":{"start":{"line":1,"column":98},"end":{"line":1,"column":160}},"2":{"start":{"line":1,"column":179},"end":{"line":1,"column":256}},"3":{"start":{"line":1,"column":257},"end":{"line":1,"column":389}},"4":{"start":{"line":1,"column":354},"end":{"line":1,"column":384}},"5":{"start":{"line":1,"column":389},"end":{"line":1,"column":514}},"6":{"start":{"line":1,"column":478},"end":{"line":1,"column":509}},"7":{"start":{"line":1,"column":514},"end":{"line":1,"column":644}},"8":{"start":{"line":1,"column":607},"end":{"line":1,"column":639}},"9":{"start":{"line":1,"column":665},"end":{"line":1,"column":715}},"10":{"start":{"line":2,"column":24},"end":{"line":2,"column":53}},"11":{"start":{"line":2,"column":54},"end":{"line":2,"column":346}},"12":{"start":{"line":2,"column":109},"end":{"line":2,"column":163}},"13":{"start":{"line":2,"column":156},"end":{"line":2,"column":163}},"14":{"start":{"line":2,"column":163},"end":{"line":2,"column":231}},"15":{"start":{"line":2,"column":224},"end":{"line":2,"column":231}},"16":{"start":{"line":2,"column":231},"end":{"line":2,"column":343}},"17":{"start":{"line":2,"column":308},"end":{"line":2,"column":338}},"18":{"start":{"line":3,"column":22},"end":{"line":3,"column":73}},"19":{"start":{"line":4,"column":23},"end":{"line":4,"column":75}}},"fnMap":{"0":{"name":"get","decl":{"start":{"line":1,"column":347},"end":{"line":1,"column":350}},"loc":{"start":{"line":1,"column":353},"end":{"line":1,"column":385}},"line":1},"1":{"name":"get","decl":{"start":{"line":1,"column":471},"end":{"line":1,"column":474}},"loc":{"start":{"line":1,"column":477},"end":{"line":1,"column":510}},"line":1},"2":{"name":"get","decl":{"start":{"line":1,"column":600},"end":{"line":1,"column":603}},"loc":{"start":{"line":1,"column":606},"end":{"line":1,"column":640}},"line":1},"3":{"name":"(anonymous_3)","decl":{"start":{"line":2,"column":93},"end":{"line":2,"column":94}},"loc":{"start":{"line":2,"column":108},"end":{"line":2,"column":344}},"line":2},"4":{"name":"get","decl":{"start":{"line":2,"column":301},"end":{"line":2,"column":304}},"loc":{"start":{"line":2,"column":307},"end":{"line":2,"column":339}},"line":2}},"branchMap":{"0":{"loc":{"start":{"line":2,"column":109},"end":{"line":2,"column":163}},"type":"if","locations":[{"start":{"line":2,"column":109},"end":{"line":2,"column":163}},{"start":{"line":2,"column":109},"end":{"line":2,"column":163}}],"line":2},"1":{"loc":{"start":{"line":2,"column":113},"end":{"line":2,"column":154}},"type":"binary-expr","locations":[{"start":{"line":2,"column":113},"end":{"line":2,"column":130}},{"start":{"line":2,"column":134},"end":{"line":2,"column":154}}],"line":2},"2":{"loc":{"start":{"line":2,"column":163},"end":{"line":2,"column":231}},"type":"if","locations":[{"start":{"line":2,"column":163},"end":{"line":2,"column":231}},{"start":{"line":2,"column":163},"end":{"line":2,"column":231}}],"line":2}},"s":{"0":1,"1":1,"2":1,"3":1,"4":0,"5":1,"6":0,"7":1,"8":0,"9":1,"10":1,"11":1,"12":3,"13":0,"14":3,"15":0,"16":3,"17":0,"18":1,"19":1},"f":{"0":0,"1":0,"2":0,"3":3,"4":0},"b":{"0":[0,3],"1":[3,3],"2":[0,3]},"_coverageSchema":"332fd63041d2c1bcb487cc26dd0d5f7d97098a6c","hash":"a64f647389986e4a5df030c2615144a17529712e"}
,"/Users/mac-185-71/Projects/sbmt_timetable/src/actions/loadingActions.js": {"path":"/Users/mac-185-71/Projects/sbmt_timetable/src/actions/loadingActions.js","statementMap":{"0":{"start":{"line":1,"column":13},"end":{"line":1,"column":75}},"1":{"start":{"line":1,"column":75},"end":{"line":1,"column":100}},"2":{"start":{"line":1,"column":113},"end":{"line":1,"column":131}},"3":{"start":{"line":3,"column":20},"end":{"line":5,"column":45}},"4":{"start":{"line":3,"column":57},"end":{"line":5,"column":44}},"5":{"start":{"line":8,"column":0},"end":{"line":8,"column":13}},"6":{"start":{"line":8,"column":14},"end":{"line":8,"column":41}}},"fnMap":{"0":{"name":"toggleSpinner","decl":{"start":{"line":3,"column":29},"end":{"line":3,"column":42}},"loc":{"start":{"line":3,"column":56},"end":{"line":5,"column":45}},"line":3}},"branchMap":{},"s":{"0":1,"1":1,"2":1,"3":1,"4":0,"5":1,"6":1},"f":{"0":0},"b":{},"_coverageSchema":"332fd63041d2c1bcb487cc26dd0d5f7d97098a6c","hash":"243e6ef4819d23ada1b84cb1c26200e7a371775a"}
,"/Users/mac-185-71/Projects/sbmt_timetable/src/actions/searchActions.js": {"path":"/Users/mac-185-71/Projects/sbmt_timetable/src/actions/searchActions.js","statementMap":{"0":{"start":{"line":1,"column":43},"end":{"line":1,"column":99}},"1":{"start":{"line":1,"column":129},"end":{"line":1,"column":184}},"2":{"start":{"line":1,"column":185},"end":{"line":1,"column":247}},"3":{"start":{"line":1,"column":247},"end":{"line":1,"column":272}},"4":{"start":{"line":1,"column":291},"end":{"line":1,"column":352}},"5":{"start":{"line":1,"column":363},"end":{"line":1,"column":403}},"6":{"start":{"line":2,"column":13},"end":{"line":2,"column":31}},"7":{"start":{"line":3,"column":12},"end":{"line":3,"column":54}},"8":{"start":{"line":4,"column":22},"end":{"line":4,"column":73}},"9":{"start":{"line":6,"column":28},"end":{"line":18,"column":131}},"10":{"start":{"line":6,"column":62},"end":{"line":18,"column":130}},"11":{"start":{"line":6,"column":119},"end":{"line":18,"column":128}},"12":{"start":{"line":6,"column":182},"end":{"line":18,"column":102}},"13":{"start":{"line":6,"column":193},"end":{"line":18,"column":101}},"14":{"start":{"line":6,"column":240},"end":{"line":6,"column":258}},"15":{"start":{"line":6,"column":258},"end":{"line":6,"column":276}},"16":{"start":{"line":6,"column":276},"end":{"line":8,"column":43}},"17":{"start":{"line":8,"column":50},"end":{"line":8,"column":73}},"18":{"start":{"line":8,"column":73},"end":{"line":8,"column":91}},"19":{"start":{"line":8,"column":91},"end":{"line":9,"column":46}},"20":{"start":{"line":9,"column":53},"end":{"line":9,"column":79}},"21":{"start":{"line":10,"column":12},"end":{"line":10,"column":42}},"22":{"start":{"line":11,"column":12},"end":{"line":13,"column":67}},"23":{"start":{"line":13,"column":67},"end":{"line":13,"column":86}},"24":{"start":{"line":13,"column":86},"end":{"line":13,"column":92}},"25":{"start":{"line":13,"column":100},"end":{"line":13,"column":119}},"26":{"start":{"line":13,"column":119},"end":{"line":13,"column":154}},"27":{"start":{"line":16,"column":12},"end":{"line":16,"column":75}},"28":{"start":{"line":18,"column":12},"end":{"line":18,"column":58}},"29":{"start":{"line":18,"column":77},"end":{"line":18,"column":100}},"30":{"start":{"line":21,"column":0},"end":{"line":21,"column":21}},"31":{"start":{"line":21,"column":22},"end":{"line":21,"column":49}}},"fnMap":{"0":{"name":"addGroupsAndLecturers","decl":{"start":{"line":6,"column":37},"end":{"line":6,"column":58}},"loc":{"start":{"line":6,"column":61},"end":{"line":18,"column":131}},"line":6},"1":{"name":"_callee","decl":{"start":{"line":6,"column":78},"end":{"line":6,"column":85}},"loc":{"start":{"line":6,"column":96},"end":{"line":18,"column":129}},"line":6},"2":{"name":"_callee$","decl":{"start":{"line":6,"column":162},"end":{"line":6,"column":170}},"loc":{"start":{"line":6,"column":181},"end":{"line":18,"column":103}},"line":6}},"branchMap":{"0":{"loc":{"start":{"line":6,"column":193},"end":{"line":18,"column":101}},"type":"switch","locations":[{"start":{"line":6,"column":233},"end":{"line":8,"column":43}},{"start":{"line":8,"column":43},"end":{"line":9,"column":46}},{"start":{"line":9,"column":46},"end":{"line":13,"column":92}},{"start":{"line":13,"column":92},"end":{"line":16,"column":75}},{"start":{"line":16,"column":75},"end":{"line":18,"column":58}},{"start":{"line":18,"column":58},"end":{"line":18,"column":66}},{"start":{"line":18,"column":66},"end":{"line":18,"column":100}}],"line":6},"1":{"loc":{"start":{"line":16,"column":38},"end":{"line":16,"column":72}},"type":"binary-expr","locations":[{"start":{"line":16,"column":38},"end":{"line":16,"column":57}},{"start":{"line":16,"column":61},"end":{"line":16,"column":72}}],"line":16}},"s":{"0":1,"1":1,"2":1,"3":1,"4":1,"5":1,"6":1,"7":1,"8":1,"9":1,"10":0,"11":0,"12":0,"13":0,"14":0,"15":0,"16":0,"17":0,"18":0,"19":0,"20":0,"21":0,"22":0,"23":0,"24":0,"25":0,"26":0,"27":0,"28":0,"29":0,"30":1,"31":1},"f":{"0":0,"1":0,"2":0},"b":{"0":[0,0,0,0,0,0,0],"1":[0,0]},"_coverageSchema":"332fd63041d2c1bcb487cc26dd0d5f7d97098a6c","hash":"814967fb372f80e5a88df60eee4fa94829bc0e4f"}
,"/Users/mac-185-71/Projects/sbmt_timetable/src/actions/timetableActions.js": {"path":"/Users/mac-185-71/Projects/sbmt_timetable/src/actions/timetableActions.js","statementMap":{"0":{"start":{"line":1,"column":43},"end":{"line":1,"column":99}},"1":{"start":{"line":1,"column":129},"end":{"line":1,"column":184}},"2":{"start":{"line":1,"column":185},"end":{"line":1,"column":247}},"3":{"start":{"line":1,"column":247},"end":{"line":1,"column":340}},"4":{"start":{"line":1,"column":359},"end":{"line":1,"column":420}},"5":{"start":{"line":1,"column":450},"end":{"line":1,"column":485}},"6":{"start":{"line":2,"column":13},"end":{"line":2,"column":31}},"7":{"start":{"line":3,"column":10},"end":{"line":3,"column":50}},"8":{"start":{"line":4,"column":12},"end":{"line":4,"column":54}},"9":{"start":{"line":5,"column":22},"end":{"line":5,"column":73}},"10":{"start":{"line":7,"column":24},"end":{"line":8,"column":40}},"11":{"start":{"line":7,"column":54},"end":{"line":8,"column":39}},"12":{"start":{"line":8,"column":41},"end":{"line":8,"column":87}},"13":{"start":{"line":11,"column":24},"end":{"line":45,"column":131}},"14":{"start":{"line":11,"column":80},"end":{"line":45,"column":130}},"15":{"start":{"line":11,"column":182},"end":{"line":45,"column":128}},"16":{"start":{"line":11,"column":245},"end":{"line":45,"column":102}},"17":{"start":{"line":11,"column":256},"end":{"line":45,"column":101}},"18":{"start":{"line":12,"column":12},"end":{"line":12,"column":59}},"19":{"start":{"line":13,"column":12},"end":{"line":15,"column":48}},"20":{"start":{"line":16,"column":12},"end":{"line":16,"column":27}},"21":{"start":{"line":17,"column":12},"end":{"line":17,"column":27}},"22":{"start":{"line":17,"column":27},"end":{"line":17,"column":45}},"23":{"start":{"line":17,"column":45},"end":{"line":19,"column":80}},"24":{"start":{"line":19,"column":54},"end":{"line":19,"column":73}},"25":{"start":{"line":19,"column":73},"end":{"line":19,"column":79}},"26":{"start":{"line":19,"column":80},"end":{"line":19,"column":98}},"27":{"start":{"line":19,"column":98},"end":{"line":20,"column":56}},"28":{"start":{"line":20,"column":63},"end":{"line":20,"column":89}},"29":{"start":{"line":21,"column":12},"end":{"line":21,"column":54}},"30":{"start":{"line":22,"column":12},"end":{"line":22,"column":141}},"31":{"start":{"line":22,"column":141},"end":{"line":22,"column":160}},"32":{"start":{"line":22,"column":160},"end":{"line":22,"column":166}},"33":{"start":{"line":22,"column":174},"end":{"line":22,"column":193}},"34":{"start":{"line":22,"column":193},"end":{"line":24,"column":59}},"35":{"start":{"line":24,"column":67},"end":{"line":24,"column":93}},"36":{"start":{"line":25,"column":12},"end":{"line":25,"column":81}},"37":{"start":{"line":26,"column":12},"end":{"line":26,"column":100}},"38":{"start":{"line":28,"column":12},"end":{"line":41,"column":13}},"39":{"start":{"line":29,"column":14},"end":{"line":36,"column":44}},"40":{"start":{"line":40,"column":14},"end":{"line":40,"column":44}},"41":{"start":{"line":41,"column":13},"end":{"line":41,"column":32}},"42":{"start":{"line":41,"column":32},"end":{"line":41,"column":38}},"43":{"start":{"line":41,"column":46},"end":{"line":41,"column":65}},"44":{"start":{"line":41,"column":65},"end":{"line":41,"column":100}},"45":{"start":{"line":43,"column":12},"end":{"line":43,"column":96}},"46":{"start":{"line":45,"column":12},"end":{"line":45,"column":58}},"47":{"start":{"line":45,"column":77},"end":{"line":45,"column":100}},"48":{"start":{"line":45,"column":132},"end":{"line":45,"column":178}},"49":{"start":{"line":48,"column":26},"end":{"line":56,"column":33}},"50":{"start":{"line":49,"column":24},"end":{"line":49,"column":48}},"51":{"start":{"line":49,"column":61},"end":{"line":49,"column":75}},"52":{"start":{"line":49,"column":88},"end":{"line":49,"column":102}},"53":{"start":{"line":49,"column":114},"end":{"line":49,"column":127}},"54":{"start":{"line":49,"column":128},"end":{"line":56,"column":32}},"55":{"start":{"line":56,"column":34},"end":{"line":56,"column":84}}},"fnMap":{"0":{"name":"setTimetableError","decl":{"start":{"line":7,"column":33},"end":{"line":7,"column":50}},"loc":{"start":{"line":7,"column":53},"end":{"line":8,"column":40}},"line":7},"1":{"name":"downloadTimetable","decl":{"start":{"line":11,"column":33},"end":{"line":11,"column":50}},"loc":{"start":{"line":11,"column":79},"end":{"line":45,"column":131}},"line":11},"2":{"name":"_callee","decl":{"start":{"line":11,"column":96},"end":{"line":11,"column":103}},"loc":{"start":{"line":11,"column":114},"end":{"line":45,"column":129}},"line":11},"3":{"name":"_callee$","decl":{"start":{"line":11,"column":225},"end":{"line":11,"column":233}},"loc":{"start":{"line":11,"column":244},"end":{"line":45,"column":103}},"line":11},"4":{"name":"setCurrentTimetable","decl":{"start":{"line":48,"column":35},"end":{"line":48,"column":54}},"loc":{"start":{"line":48,"column":61},"end":{"line":56,"column":33}},"line":48}},"branchMap":{"0":{"loc":{"start":{"line":11,"column":256},"end":{"line":45,"column":101}},"type":"switch","locations":[{"start":{"line":11,"column":296},"end":{"line":20,"column":56}},{"start":{"line":20,"column":56},"end":{"line":22,"column":166}},{"start":{"line":22,"column":166},"end":{"line":24,"column":59}},{"start":{"line":24,"column":59},"end":{"line":26,"column":100}},{"start":{"line":26,"column":100},"end":{"line":41,"column":38}},{"start":{"line":41,"column":38},"end":{"line":43,"column":96}},{"start":{"line":43,"column":96},"end":{"line":45,"column":58}},{"start":{"line":45,"column":58},"end":{"line":45,"column":66}},{"start":{"line":45,"column":66},"end":{"line":45,"column":100}}],"line":11},"1":{"loc":{"start":{"line":13,"column":34},"end":{"line":15,"column":47}},"type":"binary-expr","locations":[{"start":{"line":13,"column":34},"end":{"line":13,"column":56}},{"start":{"line":14,"column":12},"end":{"line":14,"column":32}},{"start":{"line":15,"column":12},"end":{"line":15,"column":47}}],"line":13},"2":{"loc":{"start":{"line":17,"column":45},"end":{"line":19,"column":80}},"type":"if","locations":[{"start":{"line":17,"column":45},"end":{"line":19,"column":80}},{"start":{"line":17,"column":45},"end":{"line":19,"column":80}}],"line":17},"3":{"loc":{"start":{"line":28,"column":12},"end":{"line":41,"column":13}},"type":"if","locations":[{"start":{"line":28,"column":12},"end":{"line":41,"column":13}},{"start":{"line":28,"column":12},"end":{"line":41,"column":13}}],"line":28},"4":{"loc":{"start":{"line":33,"column":29},"end":{"line":33,"column":71}},"type":"cond-expr","locations":[{"start":{"line":33,"column":48},"end":{"line":33,"column":57}},{"start":{"line":33,"column":60},"end":{"line":33,"column":71}}],"line":33},"5":{"loc":{"start":{"line":43,"column":38},"end":{"line":43,"column":72}},"type":"binary-expr","locations":[{"start":{"line":43,"column":38},"end":{"line":43,"column":57}},{"start":{"line":43,"column":61},"end":{"line":43,"column":72}}],"line":43}},"s":{"0":1,"1":1,"2":1,"3":1,"4":1,"5":1,"6":1,"7":1,"8":1,"9":1,"10":1,"11":0,"12":1,"13":1,"14":0,"15":0,"16":0,"17":0,"18":0,"19":0,"20":0,"21":0,"22":0,"23":0,"24":0,"25":0,"26":0,"27":0,"28":0,"29":0,"30":0,"31":0,"32":0,"33":0,"34":0,"35":0,"36":0,"37":0,"38":0,"39":0,"40":0,"41":0,"42":0,"43":0,"44":0,"45":0,"46":0,"47":0,"48":1,"49":1,"50":0,"51":0,"52":0,"53":0,"54":0,"55":1},"f":{"0":0,"1":0,"2":0,"3":0,"4":0},"b":{"0":[0,0,0,0,0,0,0,0,0],"1":[0,0,0],"2":[0,0],"3":[0,0],"4":[0,0],"5":[0,0]},"_coverageSchema":"332fd63041d2c1bcb487cc26dd0d5f7d97098a6c","hash":"2690183c0333cd1d8b044af22ee60d86458bb54f"}
,"/Users/mac-185-71/Projects/sbmt_timetable/src/actions/types.js": {"path":"/Users/mac-185-71/Projects/sbmt_timetable/src/actions/types.js","statementMap":{"0":{"start":{"line":1,"column":13},"end":{"line":1,"column":75}},"1":{"start":{"line":1,"column":75},"end":{"line":1,"column":282}},"2":{"start":{"line":1,"column":313},"end":{"line":1,"column":339}},"3":{"start":{"line":1,"column":340},"end":{"line":1,"column":400}},"4":{"start":{"line":2,"column":22},"end":{"line":2,"column":39}},"5":{"start":{"line":2,"column":40},"end":{"line":2,"column":82}},"6":{"start":{"line":3,"column":26},"end":{"line":3,"column":47}},"7":{"start":{"line":3,"column":48},"end":{"line":3,"column":98}},"8":{"start":{"line":4,"column":23},"end":{"line":4,"column":41}},"9":{"start":{"line":4,"column":42},"end":{"line":4,"column":86}},"10":{"start":{"line":5,"column":28},"end":{"line":5,"column":51}},"11":{"start":{"line":5,"column":52},"end":{"line":5,"column":106}},"12":{"start":{"line":6,"column":21},"end":{"line":6,"column":37}},"13":{"start":{"line":6,"column":38},"end":{"line":6,"column":78}},"14":{"start":{"line":7,"column":21},"end":{"line":7,"column":37}},"15":{"start":{"line":7,"column":38},"end":{"line":7,"column":78}}},"fnMap":{},"branchMap":{},"s":{"0":1,"1":1,"2":1,"3":1,"4":1,"5":1,"6":1,"7":1,"8":1,"9":1,"10":1,"11":1,"12":1,"13":1,"14":1,"15":1},"f":{},"b":{},"_coverageSchema":"332fd63041d2c1bcb487cc26dd0d5f7d97098a6c","hash":"5cb82158e880adfb751da9a411fdac36e2723183"}
,"/Users/mac-185-71/Projects/sbmt_timetable/src/api/index.js": {"path":"/Users/mac-185-71/Projects/sbmt_timetable/src/api/index.js","statementMap":{"0":{"start":{"line":1,"column":42},"end":{"line":1,"column":97}},"1":{"start":{"line":1,"column":98},"end":{"line":1,"column":160}},"2":{"start":{"line":1,"column":160},"end":{"line":1,"column":320}},"3":{"start":{"line":1,"column":339},"end":{"line":1,"column":400}},"4":{"start":{"line":1,"column":414},"end":{"line":1,"column":454}},"5":{"start":{"line":2,"column":14},"end":{"line":2,"column":70}},"6":{"start":{"line":4,"column":30},"end":{"line":6,"column":75}},"7":{"start":{"line":4,"column":81},"end":{"line":6,"column":74}},"8":{"start":{"line":4,"column":160},"end":{"line":6,"column":59}},"9":{"start":{"line":4,"column":171},"end":{"line":6,"column":58}},"10":{"start":{"line":4,"column":218},"end":{"line":4,"column":236}},"11":{"start":{"line":4,"column":236},"end":{"line":5,"column":66}},"12":{"start":{"line":5,"column":73},"end":{"line":5,"column":94}},"13":{"start":{"line":5,"column":94},"end":{"line":5,"column":111}},"14":{"start":{"line":5,"column":111},"end":{"line":6,"column":16}},"15":{"start":{"line":6,"column":34},"end":{"line":6,"column":57}},"16":{"start":{"line":6,"column":76},"end":{"line":6,"column":134}},"17":{"start":{"line":9,"column":33},"end":{"line":11,"column":76}},"18":{"start":{"line":9,"column":88},"end":{"line":11,"column":75}},"19":{"start":{"line":9,"column":171},"end":{"line":11,"column":60}},"20":{"start":{"line":9,"column":182},"end":{"line":11,"column":59}},"21":{"start":{"line":9,"column":231},"end":{"line":9,"column":250}},"22":{"start":{"line":9,"column":250},"end":{"line":10,"column":69}},"23":{"start":{"line":10,"column":76},"end":{"line":10,"column":99}},"24":{"start":{"line":10,"column":99},"end":{"line":10,"column":117}},"25":{"start":{"line":10,"column":117},"end":{"line":11,"column":16}},"26":{"start":{"line":11,"column":34},"end":{"line":11,"column":58}},"27":{"start":{"line":11,"column":77},"end":{"line":11,"column":141}},"28":{"start":{"line":14,"column":24},"end":{"line":16,"column":92}},"29":{"start":{"line":14,"column":79},"end":{"line":16,"column":91}},"30":{"start":{"line":14,"column":153},"end":{"line":16,"column":76}},"31":{"start":{"line":14,"column":164},"end":{"line":16,"column":75}},"32":{"start":{"line":14,"column":213},"end":{"line":14,"column":232}},"33":{"start":{"line":14,"column":232},"end":{"line":15,"column":118}},"34":{"start":{"line":15,"column":125},"end":{"line":15,"column":148}},"35":{"start":{"line":15,"column":148},"end":{"line":15,"column":166}},"36":{"start":{"line":15,"column":166},"end":{"line":16,"column":32}},"37":{"start":{"line":16,"column":50},"end":{"line":16,"column":74}},"38":{"start":{"line":16,"column":93},"end":{"line":16,"column":139}},"39":{"start":{"line":19,"column":27},"end":{"line":21,"column":92}},"40":{"start":{"line":19,"column":88},"end":{"line":21,"column":91}},"41":{"start":{"line":19,"column":165},"end":{"line":21,"column":76}},"42":{"start":{"line":19,"column":176},"end":{"line":21,"column":75}},"43":{"start":{"line":19,"column":225},"end":{"line":19,"column":244}},"44":{"start":{"line":19,"column":244},"end":{"line":20,"column":124}},"45":{"start":{"line":20,"column":131},"end":{"line":20,"column":154}},"46":{"start":{"line":20,"column":154},"end":{"line":20,"column":172}},"47":{"start":{"line":20,"column":172},"end":{"line":21,"column":32}},"48":{"start":{"line":21,"column":50},"end":{"line":21,"column":74}},"49":{"start":{"line":21,"column":93},"end":{"line":21,"column":145}},"50":{"start":{"line":24,"column":19},"end":{"line":24,"column":172}},"51":{"start":{"line":24,"column":56},"end":{"line":24,"column":171}},"52":{"start":{"line":24,"column":173},"end":{"line":24,"column":209}}},"fnMap":{"0":{"name":"fetchAllGroupsTimetable","decl":{"start":{"line":4,"column":39},"end":{"line":4,"column":62}},"loc":{"start":{"line":4,"column":65},"end":{"line":6,"column":75}},"line":4},"1":{"name":"fetchAllGroupsTimetable$","decl":{"start":{"line":4,"column":124},"end":{"line":4,"column":148}},"loc":{"start":{"line":4,"column":159},"end":{"line":6,"column":60}},"line":4},"2":{"name":"fetchAllLecturersTimetable","decl":{"start":{"line":9,"column":42},"end":{"line":9,"column":68}},"loc":{"start":{"line":9,"column":71},"end":{"line":11,"column":76}},"line":9},"3":{"name":"fetchAllLecturersTimetable$","decl":{"start":{"line":9,"column":131},"end":{"line":9,"column":158}},"loc":{"start":{"line":9,"column":170},"end":{"line":11,"column":61}},"line":9},"4":{"name":"getGroupTimetable","decl":{"start":{"line":14,"column":33},"end":{"line":14,"column":50}},"loc":{"start":{"line":14,"column":62},"end":{"line":16,"column":92}},"line":14},"5":{"name":"getGroupTimetable$","decl":{"start":{"line":14,"column":122},"end":{"line":14,"column":140}},"loc":{"start":{"line":14,"column":152},"end":{"line":16,"column":77}},"line":14},"6":{"name":"getLecturerTimetable","decl":{"start":{"line":19,"column":36},"end":{"line":19,"column":56}},"loc":{"start":{"line":19,"column":71},"end":{"line":21,"column":92}},"line":19},"7":{"name":"getLecturerTimetable$","decl":{"start":{"line":19,"column":131},"end":{"line":19,"column":152}},"loc":{"start":{"line":19,"column":164},"end":{"line":21,"column":77}},"line":19},"8":{"name":"sendFeedback","decl":{"start":{"line":24,"column":28},"end":{"line":24,"column":40}},"loc":{"start":{"line":24,"column":55},"end":{"line":24,"column":172}},"line":24}},"branchMap":{"0":{"loc":{"start":{"line":4,"column":171},"end":{"line":6,"column":58}},"type":"switch","locations":[{"start":{"line":4,"column":211},"end":{"line":5,"column":66}},{"start":{"line":5,"column":66},"end":{"line":6,"column":16}},{"start":{"line":6,"column":16},"end":{"line":6,"column":23}},{"start":{"line":6,"column":23},"end":{"line":6,"column":57}}],"line":4},"1":{"loc":{"start":{"line":9,"column":182},"end":{"line":11,"column":59}},"type":"switch","locations":[{"start":{"line":9,"column":224},"end":{"line":10,"column":69}},{"start":{"line":10,"column":69},"end":{"line":11,"column":16}},{"start":{"line":11,"column":16},"end":{"line":11,"column":23}},{"start":{"line":11,"column":23},"end":{"line":11,"column":58}}],"line":9},"2":{"loc":{"start":{"line":14,"column":164},"end":{"line":16,"column":75}},"type":"switch","locations":[{"start":{"line":14,"column":206},"end":{"line":15,"column":118}},{"start":{"line":15,"column":118},"end":{"line":16,"column":32}},{"start":{"line":16,"column":32},"end":{"line":16,"column":39}},{"start":{"line":16,"column":39},"end":{"line":16,"column":74}}],"line":14},"3":{"loc":{"start":{"line":19,"column":176},"end":{"line":21,"column":75}},"type":"switch","locations":[{"start":{"line":19,"column":218},"end":{"line":20,"column":124}},{"start":{"line":20,"column":124},"end":{"line":21,"column":32}},{"start":{"line":21,"column":32},"end":{"line":21,"column":39}},{"start":{"line":21,"column":39},"end":{"line":21,"column":74}}],"line":19}},"s":{"0":1,"1":1,"2":1,"3":1,"4":1,"5":1,"6":1,"7":0,"8":0,"9":0,"10":0,"11":0,"12":0,"13":0,"14":0,"15":0,"16":1,"17":1,"18":0,"19":0,"20":0,"21":0,"22":0,"23":0,"24":0,"25":0,"26":0,"27":1,"28":1,"29":0,"30":0,"31":0,"32":0,"33":0,"34":0,"35":0,"36":0,"37":0,"38":1,"39":1,"40":0,"41":0,"42":0,"43":0,"44":0,"45":0,"46":0,"47":0,"48":0,"49":1,"50":1,"51":0,"52":1},"f":{"0":0,"1":0,"2":0,"3":0,"4":0,"5":0,"6":0,"7":0,"8":0},"b":{"0":[0,0,0,0],"1":[0,0,0,0],"2":[0,0,0,0],"3":[0,0,0,0]},"_coverageSchema":"332fd63041d2c1bcb487cc26dd0d5f7d97098a6c","hash":"2df9e90236388544fa1e1b0df43bca631d6930ad"}
,"/Users/mac-185-71/Projects/sbmt_timetable/src/components/common/DropDown/DropDownHolder.js": {"path":"/Users/mac-185-71/Projects/sbmt_timetable/src/components/common/DropDown/DropDownHolder.js","statementMap":{"0":{"start":{"line":1,"column":42},"end":{"line":1,"column":97}},"1":{"start":{"line":1,"column":98},"end":{"line":1,"column":160}},"2":{"start":{"line":1,"column":160},"end":{"line":1,"column":185}},"3":{"start":{"line":1,"column":208},"end":{"line":1,"column":280}},"4":{"start":{"line":1,"column":301},"end":{"line":1,"column":370}},"5":{"start":{"line":1,"column":392},"end":{"line":15,"column":35}},"6":{"start":{"line":1,"column":432},"end":{"line":1,"column":484}},"7":{"start":{"line":1,"column":485},"end":{"line":15,"column":10}},"8":{"start":{"line":5,"column":6},"end":{"line":5,"column":31}},"9":{"start":{"line":9,"column":6},"end":{"line":9,"column":27}},"10":{"start":{"line":13,"column":6},"end":{"line":13,"column":86}},"11":{"start":{"line":14,"column":6},"end":{"line":14,"column":27}},"12":{"start":{"line":15,"column":10},"end":{"line":15,"column":32}},"13":{"start":{"line":18,"column":0},"end":{"line":18,"column":14}},"14":{"start":{"line":18,"column":15},"end":{"line":18,"column":42}}},"fnMap":{"0":{"name":"(anonymous_0)","decl":{"start":{"line":1,"column":392},"end":{"line":1,"column":393}},"loc":{"start":{"line":1,"column":404},"end":{"line":15,"column":33}},"line":1},"1":{"name":"DropDownHolder","decl":{"start":{"line":1,"column":414},"end":{"line":1,"column":428}},"loc":{"start":{"line":1,"column":431},"end":{"line":1,"column":485}},"line":1},"2":{"name":"setDropDown","decl":{"start":{"line":1,"column":573},"end":{"line":1,"column":584}},"loc":{"start":{"line":4,"column":14},"end":{"line":6,"column":5}},"line":4},"3":{"name":"getDropDown","decl":{"start":{"line":6,"column":47},"end":{"line":6,"column":58}},"loc":{"start":{"line":8,"column":4},"end":{"line":10,"column":5}},"line":8},"4":{"name":"alert","decl":{"start":{"line":10,"column":41},"end":{"line":10,"column":46}},"loc":{"start":{"line":12,"column":4},"end":{"line":15,"column":5}},"line":12}},"branchMap":{},"s":{"0":1,"1":1,"2":1,"3":1,"4":1,"5":1,"6":0,"7":1,"8":0,"9":0,"10":0,"11":0,"12":1,"13":1,"14":1},"f":{"0":1,"1":0,"2":0,"3":0,"4":0},"b":{},"_coverageSchema":"332fd63041d2c1bcb487cc26dd0d5f7d97098a6c","hash":"70524afb0d2411898050e68b10d2e96ef83b40d1"}
,"/Users/mac-185-71/Projects/sbmt_timetable/src/utils/index.js": {"path":"/Users/mac-185-71/Projects/sbmt_timetable/src/utils/index.js","statementMap":{"0":{"start":{"line":1,"column":43},"end":{"line":1,"column":99}},"1":{"start":{"line":1,"column":129},"end":{"line":1,"column":184}},"2":{"start":{"line":1,"column":185},"end":{"line":1,"column":247}},"3":{"start":{"line":1,"column":247},"end":{"line":1,"column":607}},"4":{"start":{"line":1,"column":626},"end":{"line":1,"column":687}},"5":{"start":{"line":1,"column":714},"end":{"line":1,"column":789}},"6":{"start":{"line":1,"column":813},"end":{"line":1,"column":885}},"7":{"start":{"line":1,"column":907},"end":{"line":1,"column":977}},"8":{"start":{"line":1,"column":997},"end":{"line":1,"column":1020}},"9":{"start":{"line":2,"column":14},"end":{"line":2,"column":58}},"10":{"start":{"line":3,"column":22},"end":{"line":3,"column":88}},"11":{"start":{"line":4,"column":29},"end":{"line":4,"column":64}},"12":{"start":{"line":6,"column":17},"end":{"line":10,"column":1}},"13":{"start":{"line":7,"column":2},"end":{"line":7,"column":48}},"14":{"start":{"line":7,"column":37},"end":{"line":7,"column":47}},"15":{"start":{"line":8,"column":2},"end":{"line":8,"column":47}},"16":{"start":{"line":8,"column":37},"end":{"line":8,"column":46}},"17":{"start":{"line":9,"column":2},"end":{"line":9,"column":11}},"18":{"start":{"line":10,"column":2},"end":{"line":10,"column":34}},"19":{"start":{"line":12,"column":24},"end":{"line":17,"column":43}},"20":{"start":{"line":12,"column":67},"end":{"line":17,"column":42}},"21":{"start":{"line":17,"column":44},"end":{"line":17,"column":90}},"22":{"start":{"line":21,"column":31},"end":{"line":22,"column":53}},"23":{"start":{"line":21,"column":73},"end":{"line":22,"column":52}},"24":{"start":{"line":22,"column":24},"end":{"line":22,"column":47}},"25":{"start":{"line":22,"column":54},"end":{"line":22,"column":114}},"26":{"start":{"line":24,"column":27},"end":{"line":25,"column":92}},"27":{"start":{"line":24,"column":65},"end":{"line":25,"column":91}},"28":{"start":{"line":25,"column":23},"end":{"line":25,"column":88}},"29":{"start":{"line":25,"column":93},"end":{"line":25,"column":145}},"30":{"start":{"line":27,"column":19},"end":{"line":29,"column":83}},"31":{"start":{"line":27,"column":53},"end":{"line":29,"column":82}},"32":{"start":{"line":28,"column":23},"end":{"line":28,"column":44}},"33":{"start":{"line":29,"column":41},"end":{"line":29,"column":79}},"34":{"start":{"line":29,"column":84},"end":{"line":29,"column":120}},"35":{"start":{"line":31,"column":19},"end":{"line":33,"column":34}},"36":{"start":{"line":31,"column":63},"end":{"line":33,"column":33}},"37":{"start":{"line":33,"column":35},"end":{"line":33,"column":71}},"38":{"start":{"line":36,"column":26},"end":{"line":39,"column":1}},"39":{"start":{"line":37,"column":26},"end":{"line":37,"column":49}},"40":{"start":{"line":38,"column":2},"end":{"line":38,"column":185}},"41":{"start":{"line":39,"column":2},"end":{"line":39,"column":52}},"42":{"start":{"line":41,"column":22},"end":{"line":45,"column":1}},"43":{"start":{"line":43,"column":19},"end":{"line":43,"column":66}},"44":{"start":{"line":44,"column":2},"end":{"line":44,"column":35}},"45":{"start":{"line":45,"column":2},"end":{"line":45,"column":44}},"46":{"start":{"line":47,"column":34},"end":{"line":48,"column":47}},"47":{"start":{"line":47,"column":86},"end":{"line":48,"column":46}},"48":{"start":{"line":48,"column":48},"end":{"line":48,"column":114}},"49":{"start":{"line":51,"column":37},"end":{"line":53,"column":77}},"50":{"start":{"line":51,"column":91},"end":{"line":53,"column":76}},"51":{"start":{"line":51,"column":177},"end":{"line":53,"column":61}},"52":{"start":{"line":51,"column":188},"end":{"line":53,"column":60}},"53":{"start":{"line":51,"column":235},"end":{"line":51,"column":253}},"54":{"start":{"line":51,"column":253},"end":{"line":52,"column":52}},"55":{"start":{"line":52,"column":59},"end":{"line":52,"column":82}},"56":{"start":{"line":52,"column":82},"end":{"line":53,"column":18}},"57":{"start":{"line":53,"column":36},"end":{"line":53,"column":59}},"58":{"start":{"line":53,"column":78},"end":{"line":53,"column":150}},"59":{"start":{"line":56,"column":32},"end":{"line":56,"column":107}},"60":{"start":{"line":56,"column":81},"end":{"line":56,"column":106}},"61":{"start":{"line":56,"column":108},"end":{"line":56,"column":170}},"62":{"start":{"line":58,"column":17},"end":{"line":67,"column":5}},"63":{"start":{"line":58,"column":66},"end":{"line":67,"column":4}},"64":{"start":{"line":59,"column":22},"end":{"line":59,"column":63}},"65":{"start":{"line":60,"column":4},"end":{"line":65,"column":5}},"66":{"start":{"line":61,"column":6},"end":{"line":61,"column":93}},"67":{"start":{"line":63,"column":6},"end":{"line":63,"column":44}},"68":{"start":{"line":64,"column":6},"end":{"line":64,"column":171}},"69":{"start":{"line":66,"column":4},"end":{"line":66,"column":43}},"70":{"start":{"line":67,"column":6},"end":{"line":67,"column":38}}},"fnMap":{"0":{"name":"comparator","decl":{"start":{"line":6,"column":26},"end":{"line":6,"column":36}},"loc":{"start":{"line":6,"column":52},"end":{"line":10,"column":1}},"line":6},"1":{"name":"getTimetableState","decl":{"start":{"line":12,"column":33},"end":{"line":12,"column":50}},"loc":{"start":{"line":12,"column":66},"end":{"line":17,"column":43}},"line":12},"2":{"name":"getEarliestTimetableDate","decl":{"start":{"line":21,"column":40},"end":{"line":21,"column":64}},"loc":{"start":{"line":21,"column":72},"end":{"line":22,"column":53}},"line":21},"3":{"name":"(anonymous_3)","decl":{"start":{"line":22,"column":6},"end":{"line":22,"column":7}},"loc":{"start":{"line":22,"column":23},"end":{"line":22,"column":48}},"line":22},"4":{"name":"getEarliestTimetable","decl":{"start":{"line":24,"column":36},"end":{"line":24,"column":56}},"loc":{"start":{"line":24,"column":64},"end":{"line":25,"column":92}},"line":24},"5":{"name":"(anonymous_5)","decl":{"start":{"line":25,"column":7},"end":{"line":25,"column":8}},"loc":{"start":{"line":25,"column":22},"end":{"line":25,"column":89}},"line":25},"6":{"name":"getSubgroups","decl":{"start":{"line":27,"column":28},"end":{"line":27,"column":40}},"loc":{"start":{"line":27,"column":52},"end":{"line":29,"column":83}},"line":27},"7":{"name":"(anonymous_7)","decl":{"start":{"line":28,"column":6},"end":{"line":28,"column":7}},"loc":{"start":{"line":28,"column":22},"end":{"line":28,"column":45}},"line":28},"8":{"name":"(anonymous_8)","decl":{"start":{"line":29,"column":9},"end":{"line":29,"column":10}},"loc":{"start":{"line":29,"column":40},"end":{"line":29,"column":80}},"line":29},"9":{"name":"checkIfGroup","decl":{"start":{"line":31,"column":28},"end":{"line":31,"column":40}},"loc":{"start":{"line":31,"column":62},"end":{"line":33,"column":34}},"line":31},"10":{"name":"shortenLecturerName","decl":{"start":{"line":36,"column":35},"end":{"line":36,"column":54}},"loc":{"start":{"line":36,"column":69},"end":{"line":39,"column":1}},"line":36},"11":{"name":"checkValidEmail","decl":{"start":{"line":41,"column":31},"end":{"line":41,"column":46}},"loc":{"start":{"line":41,"column":54},"end":{"line":45,"column":1}},"line":41},"12":{"name":"checkUnfilledFeedbackValues","decl":{"start":{"line":47,"column":43},"end":{"line":47,"column":70}},"loc":{"start":{"line":47,"column":85},"end":{"line":48,"column":47}},"line":47},"13":{"name":"checkConnectionToUpdateSavedTt","decl":{"start":{"line":51,"column":46},"end":{"line":51,"column":76}},"loc":{"start":{"line":51,"column":79},"end":{"line":53,"column":77}},"line":51},"14":{"name":"checkConnectionToUpdateSavedTt$","decl":{"start":{"line":51,"column":134},"end":{"line":51,"column":165}},"loc":{"start":{"line":51,"column":176},"end":{"line":53,"column":62}},"line":51},"15":{"name":"checkNoInternetConnection","decl":{"start":{"line":56,"column":41},"end":{"line":56,"column":66}},"loc":{"start":{"line":56,"column":80},"end":{"line":56,"column":107}},"line":56},"16":{"name":"errorCatch","decl":{"start":{"line":58,"column":26},"end":{"line":58,"column":36}},"loc":{"start":{"line":58,"column":65},"end":{"line":67,"column":5}},"line":58},"17":{"name":"(anonymous_17)","decl":{"start":{"line":58,"column":73},"end":{"line":58,"column":74}},"loc":{"start":{"line":58,"column":93},"end":{"line":67,"column":3}},"line":58}},"branchMap":{"0":{"loc":{"start":{"line":7,"column":2},"end":{"line":7,"column":48}},"type":"if","locations":[{"start":{"line":7,"column":2},"end":{"line":7,"column":48}},{"start":{"line":7,"column":2},"end":{"line":7,"column":48}}],"line":7},"1":{"loc":{"start":{"line":8,"column":2},"end":{"line":8,"column":47}},"type":"if","locations":[{"start":{"line":8,"column":2},"end":{"line":8,"column":47}},{"start":{"line":8,"column":2},"end":{"line":8,"column":47}}],"line":8},"2":{"loc":{"start":{"line":32,"column":4},"end":{"line":33,"column":31}},"type":"binary-expr","locations":[{"start":{"line":32,"column":4},"end":{"line":32,"column":23}},{"start":{"line":32,"column":27},"end":{"line":32,"column":54}},{"start":{"line":33,"column":4},"end":{"line":33,"column":31}}],"line":32},"3":{"loc":{"start":{"line":38,"column":9},"end":{"line":38,"column":184}},"type":"cond-expr","locations":[{"start":{"line":38,"column":32},"end":{"line":38,"column":123}},{"start":{"line":38,"column":126},"end":{"line":38,"column":184}}],"line":38},"4":{"loc":{"start":{"line":51,"column":188},"end":{"line":53,"column":60}},"type":"switch","locations":[{"start":{"line":51,"column":228},"end":{"line":52,"column":52}},{"start":{"line":52,"column":52},"end":{"line":53,"column":18}},{"start":{"line":53,"column":18},"end":{"line":53,"column":25}},{"start":{"line":53,"column":25},"end":{"line":53,"column":59}}],"line":51},"5":{"loc":{"start":{"line":59,"column":22},"end":{"line":59,"column":63}},"type":"cond-expr","locations":[{"start":{"line":59,"column":44},"end":{"line":59,"column":56}},{"start":{"line":59,"column":59},"end":{"line":59,"column":63}}],"line":59},"6":{"loc":{"start":{"line":60,"column":4},"end":{"line":65,"column":5}},"type":"if","locations":[{"start":{"line":60,"column":4},"end":{"line":65,"column":5}},{"start":{"line":60,"column":4},"end":{"line":65,"column":5}}],"line":60},"7":{"loc":{"start":{"line":64,"column":71},"end":{"line":64,"column":167}},"type":"cond-expr","locations":[{"start":{"line":64,"column":107},"end":{"line":64,"column":145}},{"start":{"line":64,"column":148},"end":{"line":64,"column":167}}],"line":64}},"s":{"0":1,"1":1,"2":1,"3":1,"4":1,"5":1,"6":1,"7":1,"8":1,"9":1,"10":1,"11":1,"12":1,"13":3,"14":1,"15":2,"16":1,"17":1,"18":1,"19":1,"20":0,"21":1,"22":1,"23":2,"24":6,"25":1,"26":1,"27":1,"28":1,"29":1,"30":1,"31":1,"32":6,"33":6,"34":1,"35":1,"36":2,"37":1,"38":1,"39":2,"40":2,"41":1,"42":1,"43":24,"44":24,"45":1,"46":1,"47":3,"48":1,"49":1,"50":0,"51":0,"52":0,"53":0,"54":0,"55":0,"56":0,"57":0,"58":1,"59":1,"60":2,"61":1,"62":1,"63":0,"64":0,"65":0,"66":0,"67":0,"68":0,"69":0,"70":1},"f":{"0":3,"1":0,"2":2,"3":6,"4":1,"5":1,"6":1,"7":6,"8":6,"9":2,"10":2,"11":24,"12":3,"13":0,"14":0,"15":2,"16":0,"17":0},"b":{"0":[1,2],"1":[1,1],"2":[2,2,1],"3":[1,1],"4":[0,0,0,0],"5":[0,0],"6":[0,0],"7":[0,0]},"_coverageSchema":"332fd63041d2c1bcb487cc26dd0d5f7d97098a6c","hash":"a332d9c1fe0a82842aa21feeb79af9de9d3e727a"}
}
