TN:
SF:/Users/mac-185-71/Projects/sbmt_timetable/src/actions/feedbackActions.js
FN:3,showFeedbackError
FN:3,(anonymous_1)
FNF:2
FNH:0
FNDA:0,showFeedbackError
FNDA:0,(anonymous_1)
DA:1,1
DA:3,1
DA:4,0
DA:7,1
LF:4
LH:3
BRDA:4,0,0,0
BRDA:4,0,1,0
BRF:2
BRH:0
end_of_record
TN:
SF:/Users/mac-185-71/Projects/sbmt_timetable/src/actions/index.js
FN:1,get
FN:1,get
FN:1,get
FN:2,(anonymous_3)
FN:2,get
FNF:5
FNH:1
FNDA:0,get
FNDA:0,get
FNDA:0,get
FNDA:3,(anonymous_3)
FNDA:0,get
DA:1,1
DA:2,3
DA:3,1
DA:4,1
LF:4
LH:4
BRDA:2,0,0,0
BRDA:2,0,1,3
BRDA:2,1,0,3
BRDA:2,1,1,3
BRDA:2,2,0,0
BRDA:2,2,1,3
BRF:6
BRH:4
end_of_record
TN:
SF:/Users/mac-185-71/Projects/sbmt_timetable/src/actions/loadingActions.js
FN:3,toggleSpinner
FNF:1
FNH:0
FNDA:0,toggleSpinner
DA:1,1
DA:3,1
DA:8,1
LF:3
LH:3
BRF:0
BRH:0
end_of_record
TN:
SF:/Users/mac-185-71/Projects/sbmt_timetable/src/actions/searchActions.js
FN:6,addGroupsAndLecturers
FN:6,_callee
FN:6,_callee$
FNF:3
FNH:0
FNDA:0,addGroupsAndLecturers
FNDA:0,_callee
FNDA:0,_callee$
DA:1,1
DA:2,1
DA:3,1
DA:4,1
DA:6,1
DA:8,0
DA:9,0
DA:10,0
DA:11,0
DA:13,0
DA:16,0
DA:18,0
DA:21,1
LF:13
LH:6
BRDA:6,0,0,0
BRDA:6,0,1,0
BRDA:6,0,2,0
BRDA:6,0,3,0
BRDA:6,0,4,0
BRDA:6,0,5,0
BRDA:6,0,6,0
BRDA:16,1,0,0
BRDA:16,1,1,0
BRF:9
BRH:0
end_of_record
TN:
SF:/Users/mac-185-71/Projects/sbmt_timetable/src/actions/timetableActions.js
FN:7,setTimetableError
FN:11,downloadTimetable
FN:11,_callee
FN:11,_callee$
FN:48,setCurrentTimetable
FNF:5
FNH:0
FNDA:0,setTimetableError
FNDA:0,downloadTimetable
FNDA:0,_callee
FNDA:0,_callee$
FNDA:0,setCurrentTimetable
DA:1,1
DA:2,1
DA:3,1
DA:4,1
DA:5,1
DA:7,1
DA:8,1
DA:11,1
DA:12,0
DA:13,0
DA:16,0
DA:17,0
DA:19,0
DA:20,0
DA:21,0
DA:22,0
DA:24,0
DA:25,0
DA:26,0
DA:28,0
DA:29,0
DA:40,0
DA:41,0
DA:43,0
DA:45,1
DA:48,1
DA:49,0
DA:56,1
LF:28
LH:11
BRDA:11,0,0,0
BRDA:11,0,1,0
BRDA:11,0,2,0
BRDA:11,0,3,0
BRDA:11,0,4,0
BRDA:11,0,5,0
BRDA:11,0,6,0
BRDA:11,0,7,0
BRDA:11,0,8,0
BRDA:13,1,0,0
BRDA:13,1,1,0
BRDA:13,1,2,0
BRDA:17,2,0,0
BRDA:17,2,1,0
BRDA:28,3,0,0
BRDA:28,3,1,0
BRDA:33,4,0,0
BRDA:33,4,1,0
BRDA:43,5,0,0
BRDA:43,5,1,0
BRF:20
BRH:0
end_of_record
TN:
SF:/Users/mac-185-71/Projects/sbmt_timetable/src/actions/types.js
FNF:0
FNH:0
DA:1,1
DA:2,1
DA:3,1
DA:4,1
DA:5,1
DA:6,1
DA:7,1
LF:7
LH:7
BRF:0
BRH:0
end_of_record
TN:
SF:/Users/mac-185-71/Projects/sbmt_timetable/src/api/index.js
FN:4,fetchAllGroupsTimetable
FN:4,fetchAllGroupsTimetable$
FN:9,fetchAllLecturersTimetable
FN:9,fetchAllLecturersTimetable$
FN:14,getGroupTimetable
FN:14,getGroupTimetable$
FN:19,getLecturerTimetable
FN:19,getLecturerTimetable$
FN:24,sendFeedback
FNF:9
FNH:0
FNDA:0,fetchAllGroupsTimetable
FNDA:0,fetchAllGroupsTimetable$
FNDA:0,fetchAllLecturersTimetable
FNDA:0,fetchAllLecturersTimetable$
FNDA:0,getGroupTimetable
FNDA:0,getGroupTimetable$
FNDA:0,getLecturerTimetable
FNDA:0,getLecturerTimetable$
FNDA:0,sendFeedback
DA:1,1
DA:2,1
DA:4,1
DA:5,0
DA:6,1
DA:9,1
DA:10,0
DA:11,1
DA:14,1
DA:15,0
DA:16,1
DA:19,1
DA:20,0
DA:21,1
DA:24,1
LF:15
LH:11
BRDA:4,0,0,0
BRDA:4,0,1,0
BRDA:4,0,2,0
BRDA:4,0,3,0
BRDA:9,1,0,0
BRDA:9,1,1,0
BRDA:9,1,2,0
BRDA:9,1,3,0
BRDA:14,2,0,0
BRDA:14,2,1,0
BRDA:14,2,2,0
BRDA:14,2,3,0
BRDA:19,3,0,0
BRDA:19,3,1,0
BRDA:19,3,2,0
BRDA:19,3,3,0
BRF:16
BRH:0
end_of_record
TN:
SF:/Users/mac-185-71/Projects/sbmt_timetable/src/components/common/DropDown/DropDownHolder.js
FN:1,(anonymous_0)
FN:1,DropDownHolder
FN:1,setDropDown
FN:6,getDropDown
FN:10,alert
FNF:5
FNH:1
FNDA:1,(anonymous_0)
FNDA:0,DropDownHolder
FNDA:0,setDropDown
FNDA:0,getDropDown
FNDA:0,alert
DA:1,1
DA:5,0
DA:9,0
DA:13,0
DA:14,0
DA:15,1
DA:18,1
LF:7
LH:3
BRF:0
BRH:0
end_of_record
TN:
SF:/Users/mac-185-71/Projects/sbmt_timetable/src/utils/index.js
FN:6,comparator
FN:12,getTimetableState
FN:21,getEarliestTimetableDate
FN:22,(anonymous_3)
FN:24,getEarliestTimetable
FN:25,(anonymous_5)
FN:27,getSubgroups
FN:28,(anonymous_7)
FN:29,(anonymous_8)
FN:31,checkIfGroup
FN:36,shortenLecturerName
FN:41,checkValidEmail
FN:47,checkUnfilledFeedbackValues
FN:51,checkConnectionToUpdateSavedTt
FN:51,checkConnectionToUpdateSavedTt$
FN:56,checkNoInternetConnection
FN:58,errorCatch
FN:58,(anonymous_17)
FNF:18
FNH:13
FNDA:3,comparator
FNDA:0,getTimetableState
FNDA:2,getEarliestTimetableDate
FNDA:6,(anonymous_3)
FNDA:1,getEarliestTimetable
FNDA:1,(anonymous_5)
FNDA:1,getSubgroups
FNDA:6,(anonymous_7)
FNDA:6,(anonymous_8)
FNDA:2,checkIfGroup
FNDA:2,shortenLecturerName
FNDA:24,checkValidEmail
FNDA:3,checkUnfilledFeedbackValues
FNDA:0,checkConnectionToUpdateSavedTt
FNDA:0,checkConnectionToUpdateSavedTt$
FNDA:2,checkNoInternetConnection
FNDA:0,errorCatch
FNDA:0,(anonymous_17)
DA:1,1
DA:2,1
DA:3,1
DA:4,1
DA:6,1
DA:7,3
DA:8,2
DA:9,1
DA:10,1
DA:12,1
DA:17,1
DA:21,2
DA:22,6
DA:24,1
DA:25,1
DA:27,1
DA:28,6
DA:29,6
DA:31,2
DA:33,1
DA:36,1
DA:37,2
DA:38,2
DA:39,1
DA:41,1
DA:43,24
DA:44,24
DA:45,1
DA:47,3
DA:48,1
DA:51,1
DA:52,0
DA:53,1
DA:56,2
DA:58,1
DA:59,0
DA:60,0
DA:61,0
DA:63,0
DA:64,0
DA:66,0
DA:67,1
LF:42
LH:35
BRDA:7,0,0,1
BRDA:7,0,1,2
BRDA:8,1,0,1
BRDA:8,1,1,1
BRDA:32,2,0,2
BRDA:32,2,1,2
BRDA:32,2,2,1
BRDA:38,3,0,1
BRDA:38,3,1,1
BRDA:51,4,0,0
BRDA:51,4,1,0
BRDA:51,4,2,0
BRDA:51,4,3,0
BRDA:59,5,0,0
BRDA:59,5,1,0
BRDA:60,6,0,0
BRDA:60,6,1,0
BRDA:64,7,0,0
BRDA:64,7,1,0
BRF:19
BRH:9
end_of_record
