TN:
SF:/Users/mac-185-71/Projects/sbmt_timetable/src/actions/feedbackActions.js
FN:3,showFeedbackError
FN:3,(anonymous_1)
FNF:2
FNH:0
FNDA:0,showFeedbackError
FNDA:0,(anonymous_1)
DA:1,1
DA:3,1
DA:4,0
DA:7,1
LF:4
LH:3
BRDA:4,0,0,0
BRDA:4,0,1,0
BRF:2
BRH:0
end_of_record
TN:
SF:/Users/mac-185-71/Projects/sbmt_timetable/src/actions/index.js
FN:1,get
FN:1,get
FN:1,get
FN:2,(anonymous_3)
FN:2,get
FNF:5
FNH:1
FNDA:0,get
FNDA:0,get
FNDA:0,get
FNDA:4,(anonymous_3)
FNDA:0,get
DA:1,1
DA:2,4
DA:3,1
DA:4,1
LF:4
LH:4
BRDA:2,0,0,0
BRDA:2,0,1,4
BRDA:2,1,0,4
BRDA:2,1,1,4
BRDA:2,2,0,0
BRDA:2,2,1,4
BRF:6
BRH:4
end_of_record
TN:
SF:/Users/mac-185-71/Projects/sbmt_timetable/src/actions/loadingActions.js
FN:3,toggleSpinner
FNF:1
FNH:0
FNDA:0,toggleSpinner
DA:1,1
DA:3,1
DA:8,1
LF:3
LH:3
BRF:0
BRH:0
end_of_record
TN:
SF:/Users/mac-185-71/Projects/sbmt_timetable/src/actions/searchActions.js
FN:6,addGroupsAndLecturers
FN:6,_callee
FN:6,_callee$
FNF:3
FNH:0
FNDA:0,addGroupsAndLecturers
FNDA:0,_callee
FNDA:0,_callee$
DA:1,1
DA:2,1
DA:3,1
DA:4,1
DA:6,1
DA:8,0
DA:9,0
DA:10,0
DA:11,0
DA:13,0
DA:16,0
DA:18,0
DA:21,1
LF:13
LH:6
BRDA:6,0,0,0
BRDA:6,0,1,0
BRDA:6,0,2,0
BRDA:6,0,3,0
BRDA:6,0,4,0
BRDA:6,0,5,0
BRDA:6,0,6,0
BRDA:16,1,0,0
BRDA:16,1,1,0
BRF:9
BRH:0
end_of_record
TN:
SF:/Users/mac-185-71/Projects/sbmt_timetable/src/actions/timetableActions.js
FN:10,setTimetableError
FN:14,downloadTimetable
FN:14,_callee
FN:14,_callee$
FN:51,setCurrentTimetable
FN:63,setCurrentSubgroup
FNF:6
FNH:0
FNDA:0,setTimetableError
FNDA:0,downloadTimetable
FNDA:0,_callee
FNDA:0,_callee$
FNDA:0,setCurrentTimetable
FNDA:0,setCurrentSubgroup
DA:1,1
DA:2,1
DA:5,1
DA:6,1
DA:7,1
DA:8,1
DA:10,1
DA:11,1
DA:14,1
DA:15,0
DA:16,0
DA:19,0
DA:20,0
DA:22,0
DA:23,0
DA:24,0
DA:25,0
DA:27,0
DA:28,0
DA:29,0
DA:31,0
DA:32,0
DA:43,0
DA:44,0
DA:46,0
DA:48,1
DA:51,1
DA:52,0
DA:59,1
DA:63,1
DA:66,1
LF:31
LH:14
BRDA:14,0,0,0
BRDA:14,0,1,0
BRDA:14,0,2,0
BRDA:14,0,3,0
BRDA:14,0,4,0
BRDA:14,0,5,0
BRDA:14,0,6,0
BRDA:14,0,7,0
BRDA:14,0,8,0
BRDA:16,1,0,0
BRDA:16,1,1,0
BRDA:16,1,2,0
BRDA:20,2,0,0
BRDA:20,2,1,0
BRDA:31,3,0,0
BRDA:31,3,1,0
BRDA:36,4,0,0
BRDA:36,4,1,0
BRDA:46,5,0,0
BRDA:46,5,1,0
BRF:20
BRH:0
end_of_record
TN:
SF:/Users/mac-185-71/Projects/sbmt_timetable/src/actions/types.js
FNF:0
FNH:0
DA:1,1
DA:2,1
DA:3,1
DA:4,1
DA:5,1
DA:6,1
DA:7,1
DA:8,1
LF:8
LH:8
BRF:0
BRH:0
end_of_record
TN:
SF:/Users/mac-185-71/Projects/sbmt_timetable/src/api/index.js
FN:4,fetchAllGroupsTimetable
FN:4,fetchAllGroupsTimetable$
FN:9,fetchAllLecturersTimetable
FN:9,fetchAllLecturersTimetable$
FN:14,getGroupTimetable
FN:14,getGroupTimetable$
FN:19,getLecturerTimetable
FN:19,getLecturerTimetable$
FN:24,sendFeedback
FNF:9
FNH:0
FNDA:0,fetchAllGroupsTimetable
FNDA:0,fetchAllGroupsTimetable$
FNDA:0,fetchAllLecturersTimetable
FNDA:0,fetchAllLecturersTimetable$
FNDA:0,getGroupTimetable
FNDA:0,getGroupTimetable$
FNDA:0,getLecturerTimetable
FNDA:0,getLecturerTimetable$
FNDA:0,sendFeedback
DA:1,1
DA:2,1
DA:4,1
DA:5,0
DA:6,1
DA:9,1
DA:10,0
DA:11,1
DA:14,1
DA:15,0
DA:16,1
DA:19,1
DA:20,0
DA:21,1
DA:24,1
LF:15
LH:11
BRDA:4,0,0,0
BRDA:4,0,1,0
BRDA:4,0,2,0
BRDA:4,0,3,0
BRDA:9,1,0,0
BRDA:9,1,1,0
BRDA:9,1,2,0
BRDA:9,1,3,0
BRDA:14,2,0,0
BRDA:14,2,1,0
BRDA:14,2,2,0
BRDA:14,2,3,0
BRDA:19,3,0,0
BRDA:19,3,1,0
BRDA:19,3,2,0
BRDA:19,3,3,0
BRF:16
BRH:0
end_of_record
TN:
SF:/Users/mac-185-71/Projects/sbmt_timetable/src/components/common/DropDown/DropDownHolder.js
FN:1,(anonymous_0)
FN:1,DropDownHolder
FN:1,setDropDown
FN:6,getDropDown
FN:10,alert
FNF:5
FNH:1
FNDA:1,(anonymous_0)
FNDA:0,DropDownHolder
FNDA:0,setDropDown
FNDA:0,getDropDown
FNDA:0,alert
DA:1,1
DA:5,0
DA:9,0
DA:13,0
DA:14,1
DA:17,1
LF:6
LH:3
BRF:0
BRH:0
end_of_record
TN:
SF:/Users/mac-185-71/Projects/sbmt_timetable/src/constants/index.js
FNF:0
FNH:0
DA:1,1
DA:5,1
DA:8,1
DA:9,1
DA:10,1
DA:12,1
DA:23,1
LF:7
LH:7
BRF:0
BRH:0
end_of_record
TN:
SF:/Users/mac-185-71/Projects/sbmt_timetable/src/styles/colors.js
FNF:0
FNH:0
DA:1,1
DA:11,1
LF:2
LH:2
BRF:0
BRH:0
end_of_record
TN:
SF:/Users/mac-185-71/Projects/sbmt_timetable/src/utils/index.js
FN:9,comparator
FN:17,printHeaderText
FN:25,getTimetableState
FN:34,getEarliestTimetableDate
FN:35,(anonymous_4)
FN:37,getEarliestTimetable
FN:38,(anonymous_6)
FN:40,getSubgroups
FN:41,(anonymous_8)
FN:42,(anonymous_9)
FN:44,checkIfGroup
FN:49,shortenLecturerName
FN:54,checkValidEmail
FN:60,checkUnfilledFeedbackValues
FN:64,checkConnectionToUpdateSavedTt
FN:64,checkConnectionToUpdateSavedTt$
FN:69,checkNoInternetConnection
FN:71,errorCatch
FN:71,(anonymous_18)
FN:82,getCurrentTimetable
FN:83,(anonymous_20)
FN:90,generateBackgroundColor
FNF:22
FNH:17
FNDA:3,comparator
FNDA:5,printHeaderText
FNDA:0,getTimetableState
FNDA:2,getEarliestTimetableDate
FNDA:6,(anonymous_4)
FNDA:1,getEarliestTimetable
FNDA:1,(anonymous_6)
FNDA:1,getSubgroups
FNDA:6,(anonymous_8)
FNDA:6,(anonymous_9)
FNDA:2,checkIfGroup
FNDA:2,shortenLecturerName
FNDA:26,checkValidEmail
FNDA:3,checkUnfilledFeedbackValues
FNDA:0,checkConnectionToUpdateSavedTt
FNDA:0,checkConnectionToUpdateSavedTt$
FNDA:2,checkNoInternetConnection
FNDA:0,errorCatch
FNDA:0,(anonymous_18)
FNDA:2,getCurrentTimetable
FNDA:8,(anonymous_20)
FNDA:11,generateBackgroundColor
DA:1,1
DA:2,1
DA:3,1
DA:4,1
DA:5,1
DA:6,1
DA:7,1
DA:9,1
DA:10,3
DA:11,3
DA:12,3
DA:13,2
DA:14,1
DA:15,1
DA:17,1
DA:18,5
DA:19,2
DA:20,1
DA:22,3
DA:23,1
DA:25,1
DA:30,1
DA:34,2
DA:35,6
DA:37,1
DA:38,1
DA:40,1
DA:41,6
DA:42,6
DA:44,2
DA:46,1
DA:49,1
DA:50,2
DA:51,2
DA:52,1
DA:54,1
DA:56,26
DA:57,26
DA:58,1
DA:60,3
DA:61,1
DA:64,1
DA:65,0
DA:66,1
DA:69,2
DA:71,1
DA:72,0
DA:73,0
DA:74,0
DA:76,0
DA:77,0
DA:79,0
DA:80,1
DA:82,1
DA:83,2
DA:84,8
DA:85,8
DA:87,2
DA:88,1
DA:90,1
DA:91,11
DA:93,1
DA:96,2
DA:100,3
DA:102,5
DA:104,1
LF:66
LH:59
BRDA:12,0,0,1
BRDA:12,0,1,2
BRDA:13,1,0,1
BRDA:13,1,1,1
BRDA:18,2,0,2
BRDA:18,2,1,3
BRDA:19,3,0,1
BRDA:19,3,1,1
BRDA:45,4,0,2
BRDA:45,4,1,2
BRDA:45,4,2,1
BRDA:51,5,0,1
BRDA:51,5,1,1
BRDA:64,6,0,0
BRDA:64,6,1,0
BRDA:64,6,2,0
BRDA:64,6,3,0
BRDA:72,7,0,0
BRDA:72,7,1,0
BRDA:73,8,0,0
BRDA:73,8,1,0
BRDA:77,9,0,0
BRDA:77,9,1,0
BRDA:77,10,0,0
BRDA:77,10,1,0
BRDA:77,11,0,0
BRDA:77,11,1,0
BRDA:91,12,0,1
BRDA:91,12,1,1
BRDA:91,12,2,2
BRDA:91,12,3,1
BRDA:91,12,4,2
BRDA:91,12,5,3
BRDA:91,12,6,5
BRF:34
BRH:20
end_of_record
